2025-04-21 12:03:12 INFO  TC_002_Verify_Login:17 - TC_002_Verify_Login is started Executing
2025-04-21 12:03:12 INFO  TC_002_Verify_Login:18 - Creating LoginPage Object
2025-04-21 12:03:12 INFO  TC_002_Verify_Login:21 - Validating Logins from Excel File
2025-04-21 12:03:12 INFO  TC_002_Verify_Login:26 - Looking for Authentication 
2025-04-21 12:03:33 INFO  TC_002_Verify_Login:29 - Creating DeepPage Methods
2025-04-21 12:03:43 INFO  TC_002_Verify_Login:36 - Running Our validation
2025-04-21 12:03:43 INFO  TC_002_Verify_Login:65 - Execution Completed
2025-04-21 12:03:43 INFO  TC_002_Verify_Login:17 - TC_002_Verify_Login is started Executing
2025-04-21 12:03:43 INFO  TC_002_Verify_Login:18 - Creating LoginPage Object
2025-04-21 12:03:43 INFO  TC_002_Verify_Login:21 - Validating Logins from Excel File
2025-04-21 12:03:43 INFO  TC_002_Verify_Login:26 - Looking for Authentication 
2025-04-21 12:04:03 INFO  TC_002_Verify_Login:29 - Creating DeepPage Methods
2025-04-21 12:04:13 INFO  TC_002_Verify_Login:36 - Running Our validation
2025-04-21 12:04:13 INFO  TC_002_Verify_Login:65 - Execution Completed
2025-04-21 12:04:13 INFO  TC_002_Verify_Login:17 - TC_002_Verify_Login is started Executing
2025-04-21 12:04:13 INFO  TC_002_Verify_Login:18 - Creating LoginPage Object
2025-04-21 12:04:13 INFO  TC_002_Verify_Login:21 - Validating Logins from Excel File
2025-04-21 12:04:14 INFO  TC_002_Verify_Login:26 - Looking for Authentication 
2025-04-21 12:04:34 INFO  TC_002_Verify_Login:29 - Creating DeepPage Methods
2025-04-21 12:04:44 INFO  TC_002_Verify_Login:36 - Running Our validation
2025-04-21 12:04:44 INFO  TC_002_Verify_Login:65 - Execution Completed
2025-04-21 12:04:44 INFO  TC_002_Verify_Login:17 - TC_002_Verify_Login is started Executing
2025-04-21 12:04:44 INFO  TC_002_Verify_Login:18 - Creating LoginPage Object
2025-04-21 12:04:44 INFO  TC_002_Verify_Login:21 - Validating Logins from Excel File
2025-04-21 12:04:45 INFO  TC_002_Verify_Login:26 - Looking for Authentication 
2025-04-21 12:05:05 INFO  TC_002_Verify_Login:29 - Creating DeepPage Methods
2025-04-21 12:05:05 INFO  TC_002_Verify_Login:36 - Running Our validation
