2025-04-09 19:28:57 INFO  TC_001_LoginVerify:18 - **Starting the TestCase TC_001_LoginVerify ***
2025-04-09 19:28:58 INFO  TC_001_LoginVerify:20 - ** Intializing the LoginPage ***
2025-04-09 19:28:58 INFO  TC_001_LoginVerify:25 - **Successful Logged In the Account***
2025-04-09 19:43:45 INFO  TC_001_LoginVerify:18 - **Starting the TestCase TC_001_LoginVerify ***
2025-04-09 19:43:45 INFO  TC_001_LoginVerify:20 - ** Intializing the LoginPage ***
2025-04-09 19:43:45 INFO  TC_001_LoginVerify:25 - **Successful Logged In the Account***
2025-04-09 19:43:51 INFO  TC_001_LoginVerify:35 - ** Welcome is found ***
2025-04-09 20:35:45 INFO  TC_001_LoginVerify:18 - **Starting the TestCase TC_001_LoginVerify ***
2025-04-09 20:35:45 INFO  TC_001_LoginVerify:20 - ** Intializing the LoginPage ***
2025-04-09 20:35:53 INFO  TC_001_LoginVerify:25 - **Successful Logged In the Account***
2025-04-09 20:35:53 ERROR TC_001_LoginVerify:39 - ** Unable to Login***
2025-04-09 20:50:58 INFO  TC_001_LoginVerify:18 - **Starting the TestCase TC_001_LoginVerify ***
2025-04-09 20:50:58 INFO  TC_001_LoginVerify:20 - ** Intializing the LoginPage ***
2025-04-09 20:50:59 INFO  TC_001_LoginVerify:25 - **Succesfully Entered credintials and clicked on login button***
2025-04-09 20:53:37 INFO  TC_001_LoginVerify:18 - **[start]Starting the TestCase TC_001_LoginVerify ***
2025-04-09 20:53:37 INFO  TC_001_LoginVerify:20 - ** [info]Intializing the LoginPage ***
2025-04-09 20:53:40 INFO  TC_001_LoginVerify:25 - **[Info]Succesfully Entered credintials and clicked on login button***
2025-04-09 21:09:27 INFO  TC_001_LoginVerify:18 - **[start]Starting the TestCase TC_001_LoginVerify ***
2025-04-09 21:09:27 INFO  TC_001_LoginVerify:20 - ** [info]Intializing the LoginPage ***
2025-04-09 21:10:00 INFO  TC_001_LoginVerify:27 - **[Info]Succesfully Entered credintials and clicked on login button***
2025-04-09 21:10:24 INFO  TC_001_LoginVerify:18 - **[start]Starting the TestCase TC_001_LoginVerify ***
2025-04-09 21:10:24 INFO  TC_001_LoginVerify:20 - ** [info]Intializing the LoginPage ***
2025-04-09 21:10:40 INFO  TC_001_LoginVerify:27 - **[Info]Succesfully Entered credintials and clicked on login button***
2025-04-09 21:11:04 INFO  TC_001_LoginVerify:18 - **[start]Starting the TestCase TC_001_LoginVerify ***
2025-04-09 21:11:04 INFO  TC_001_LoginVerify:20 - ** [info]Intializing the LoginPage ***
2025-04-09 21:11:27 INFO  TC_001_LoginVerify:27 - **[Info]Succesfully Entered credintials and clicked on login button***
2025-04-09 21:11:31 INFO  TC_001_LoginVerify:35 - **[INFO]Searching for Welcome message***
2025-04-09 21:11:33 INFO  TC_001_LoginVerify:37 - **[Pass]Succesfully Logged out ***
