2025-04-16 15:19:56 INFO  TC_002_Verify_Login:17 - TC_002_Verify_Login is started Executing
2025-04-16 15:19:56 INFO  TC_002_Verify_Login:18 - Creating LoginPage Object
2025-04-16 15:19:56 INFO  TC_002_Verify_Login:21 - Validating Logins from Excel File
2025-04-16 15:19:56 INFO  TC_002_Verify_Login:26 - Looking for Authentication 
2025-04-16 15:20:16 INFO  TC_002_Verify_Login:29 - Creating DeepPage Methods
2025-04-16 15:20:27 INFO  TC_002_Verify_Login:36 - Running Our validation
2025-04-16 15:20:27 INFO  TC_002_Verify_Login:65 - Execution Completed
2025-04-16 15:20:27 INFO  TC_002_Verify_Login:17 - TC_002_Verify_Login is started Executing
2025-04-16 15:20:27 INFO  TC_002_Verify_Login:18 - Creating LoginPage Object
2025-04-16 15:20:27 INFO  TC_002_Verify_Login:21 - Validating Logins from Excel File
2025-04-16 15:20:27 INFO  TC_002_Verify_Login:26 - Looking for Authentication 
2025-04-16 15:20:47 INFO  TC_002_Verify_Login:29 - Creating DeepPage Methods
2025-04-16 15:20:57 INFO  TC_002_Verify_Login:36 - Running Our validation
2025-04-16 15:20:57 INFO  TC_002_Verify_Login:65 - Execution Completed
2025-04-16 15:20:57 INFO  TC_002_Verify_Login:17 - TC_002_Verify_Login is started Executing
2025-04-16 15:20:57 INFO  TC_002_Verify_Login:18 - Creating LoginPage Object
2025-04-16 15:20:57 INFO  TC_002_Verify_Login:21 - Validating Logins from Excel File
2025-04-16 15:20:58 INFO  TC_002_Verify_Login:26 - Looking for Authentication 
2025-04-16 15:21:18 INFO  TC_002_Verify_Login:29 - Creating DeepPage Methods
2025-04-16 15:21:28 INFO  TC_002_Verify_Login:36 - Running Our validation
2025-04-16 15:21:28 INFO  TC_002_Verify_Login:65 - Execution Completed
2025-04-16 15:21:28 INFO  TC_002_Verify_Login:17 - TC_002_Verify_Login is started Executing
2025-04-16 15:21:28 INFO  TC_002_Verify_Login:18 - Creating LoginPage Object
2025-04-16 15:21:28 INFO  TC_002_Verify_Login:21 - Validating Logins from Excel File
2025-04-16 15:21:28 INFO  TC_002_Verify_Login:26 - Looking for Authentication 
2025-04-16 15:21:50 INFO  TC_002_Verify_Login:29 - Creating DeepPage Methods
2025-04-16 15:21:50 INFO  TC_002_Verify_Login:36 - Running Our validation
2025-04-16 15:21:50 INFO  TC_002_Verify_Login:65 - Execution Completed
