2025-04-24 19:20:36 INFO  TC_002_Verify_Login:17 - TC_002_Verify_Login is started Executing
2025-04-24 19:20:36 INFO  TC_002_Verify_Login:18 - Creating LoginPage Object
2025-04-24 19:20:36 INFO  TC_002_Verify_Login:21 - Validating Logins from Excel File
2025-04-24 19:20:38 INFO  TC_002_Verify_Login:26 - Looking for Authentication 
2025-04-24 19:20:58 INFO  TC_002_Verify_Login:29 - Creating DeepPage Methods
2025-04-24 19:21:08 INFO  TC_002_Verify_Login:36 - Running Our validation
2025-04-24 19:21:08 INFO  TC_002_Verify_Login:65 - Execution Completed
2025-04-24 19:21:08 INFO  TC_002_Verify_Login:17 - TC_002_Verify_Login is started Executing
2025-04-24 19:21:08 INFO  TC_002_Verify_Login:18 - Creating LoginPage Object
2025-04-24 19:21:08 INFO  TC_002_Verify_Login:21 - Validating Logins from Excel File
2025-04-24 19:21:09 INFO  TC_002_Verify_Login:26 - Looking for Authentication 
2025-04-24 19:21:30 INFO  TC_002_Verify_Login:29 - Creating DeepPage Methods
2025-04-24 19:21:40 INFO  TC_002_Verify_Login:36 - Running Our validation
2025-04-24 19:21:40 INFO  TC_002_Verify_Login:65 - Execution Completed
2025-04-24 19:21:40 INFO  TC_002_Verify_Login:17 - TC_002_Verify_Login is started Executing
2025-04-24 19:21:40 INFO  TC_002_Verify_Login:18 - Creating LoginPage Object
2025-04-24 19:21:40 INFO  TC_002_Verify_Login:21 - Validating Logins from Excel File
2025-04-24 19:21:41 INFO  TC_002_Verify_Login:26 - Looking for Authentication 
2025-04-24 19:22:02 INFO  TC_002_Verify_Login:29 - Creating DeepPage Methods
2025-04-24 19:22:12 INFO  TC_002_Verify_Login:36 - Running Our validation
2025-04-24 19:22:12 INFO  TC_002_Verify_Login:65 - Execution Completed
2025-04-24 19:22:12 INFO  TC_002_Verify_Login:17 - TC_002_Verify_Login is started Executing
2025-04-24 19:22:12 INFO  TC_002_Verify_Login:18 - Creating LoginPage Object
2025-04-24 19:22:12 INFO  TC_002_Verify_Login:21 - Validating Logins from Excel File
2025-04-24 19:22:16 INFO  TC_002_Verify_Login:26 - Looking for Authentication 
2025-04-24 19:22:46 INFO  TC_002_Verify_Login:29 - Creating DeepPage Methods
2025-04-24 19:22:50 INFO  TC_002_Verify_Login:36 - Running Our validation
2025-04-24 19:22:52 INFO  TC_002_Verify_Login:65 - Execution Completed
