2025-04-15 20:51:24 INFO  TC_002_Verify_Login:17 - TC_002_Verify_Login is started Executing
2025-04-15 20:51:24 INFO  TC_002_Verify_Login:18 - Creating LoginPage Object
2025-04-15 20:51:24 INFO  TC_002_Verify_Login:21 - Validating Logins from Excel File
2025-04-15 20:51:25 INFO  TC_002_Verify_Login:26 - Looking for Authentication 
2025-04-15 20:51:45 INFO  TC_002_Verify_Login:29 - Creating DeepPage Methods
2025-04-15 20:51:55 INFO  TC_002_Verify_Login:36 - Running Our validation
2025-04-15 20:51:55 INFO  TC_002_Verify_Login:65 - Execution Completed
2025-04-15 20:51:55 INFO  TC_002_Verify_Login:17 - TC_002_Verify_Login is started Executing
2025-04-15 20:51:55 INFO  TC_002_Verify_Login:18 - Creating LoginPage Object
2025-04-15 20:51:55 INFO  TC_002_Verify_Login:21 - Validating Logins from Excel File
2025-04-15 20:51:57 INFO  TC_002_Verify_Login:26 - Looking for Authentication 
2025-04-15 20:52:17 INFO  TC_002_Verify_Login:29 - Creating DeepPage Methods
2025-04-15 20:52:27 INFO  TC_002_Verify_Login:36 - Running Our validation
2025-04-15 20:52:27 INFO  TC_002_Verify_Login:65 - Execution Completed
2025-04-15 20:52:27 INFO  TC_002_Verify_Login:17 - TC_002_Verify_Login is started Executing
2025-04-15 20:52:27 INFO  TC_002_Verify_Login:18 - Creating LoginPage Object
2025-04-15 20:52:27 INFO  TC_002_Verify_Login:21 - Validating Logins from Excel File
2025-04-15 20:52:29 INFO  TC_002_Verify_Login:26 - Looking for Authentication 
2025-04-15 20:52:49 INFO  TC_002_Verify_Login:29 - Creating DeepPage Methods
2025-04-15 20:52:59 INFO  TC_002_Verify_Login:36 - Running Our validation
2025-04-15 20:52:59 INFO  TC_002_Verify_Login:65 - Execution Completed
2025-04-15 20:52:59 INFO  TC_002_Verify_Login:17 - TC_002_Verify_Login is started Executing
2025-04-15 20:52:59 INFO  TC_002_Verify_Login:18 - Creating LoginPage Object
2025-04-15 20:52:59 INFO  TC_002_Verify_Login:21 - Validating Logins from Excel File
2025-04-15 20:53:01 INFO  TC_002_Verify_Login:26 - Looking for Authentication 
2025-04-15 20:53:22 INFO  TC_002_Verify_Login:29 - Creating DeepPage Methods
2025-04-15 20:53:22 INFO  TC_002_Verify_Login:36 - Running Our validation
2025-04-15 20:53:22 INFO  TC_002_Verify_Login:65 - Execution Completed
