2025-04-21 22:30:35 INFO  TC_002_Verify_Login:17 - TC_002_Verify_Login is started Executing
2025-04-21 22:30:35 INFO  TC_002_Verify_Login:18 - Creating LoginPage Object
2025-04-21 22:30:36 INFO  TC_002_Verify_Login:21 - Validating Logins from Excel File
2025-04-21 22:30:37 INFO  TC_002_Verify_Login:26 - Looking for Authentication 
2025-04-21 22:30:57 INFO  TC_002_Verify_Login:29 - Creating DeepPage Methods
2025-04-21 22:31:07 INFO  TC_002_Verify_Login:36 - Running Our validation
2025-04-21 22:31:07 INFO  TC_002_Verify_Login:65 - Execution Completed
2025-04-21 22:31:07 INFO  TC_002_Verify_Login:17 - TC_002_Verify_Login is started Executing
2025-04-21 22:31:07 INFO  TC_002_Verify_Login:18 - Creating LoginPage Object
2025-04-21 22:31:07 INFO  TC_002_Verify_Login:21 - Validating Logins from Excel File
2025-04-21 22:31:09 INFO  TC_002_Verify_Login:26 - Looking for Authentication 
2025-04-21 22:31:29 INFO  TC_002_Verify_Login:29 - Creating DeepPage Methods
2025-04-21 22:31:39 INFO  TC_002_Verify_Login:36 - Running Our validation
2025-04-21 22:31:39 INFO  TC_002_Verify_Login:65 - Execution Completed
2025-04-21 22:31:39 INFO  TC_002_Verify_Login:17 - TC_002_Verify_Login is started Executing
2025-04-21 22:31:39 INFO  TC_002_Verify_Login:18 - Creating LoginPage Object
2025-04-21 22:31:39 INFO  TC_002_Verify_Login:21 - Validating Logins from Excel File
2025-04-21 22:31:41 INFO  TC_002_Verify_Login:26 - Looking for Authentication 
2025-04-21 22:32:01 INFO  TC_002_Verify_Login:29 - Creating DeepPage Methods
2025-04-21 22:32:11 INFO  TC_002_Verify_Login:36 - Running Our validation
2025-04-21 22:32:11 INFO  TC_002_Verify_Login:65 - Execution Completed
2025-04-21 22:32:11 INFO  TC_002_Verify_Login:17 - TC_002_Verify_Login is started Executing
2025-04-21 22:32:11 INFO  TC_002_Verify_Login:18 - Creating LoginPage Object
2025-04-21 22:32:11 INFO  TC_002_Verify_Login:21 - Validating Logins from Excel File
2025-04-21 22:32:14 INFO  TC_002_Verify_Login:26 - Looking for Authentication 
2025-04-21 22:32:34 INFO  TC_002_Verify_Login:29 - Creating DeepPage Methods
2025-04-21 22:32:34 INFO  TC_002_Verify_Login:36 - Running Our validation
2025-04-21 22:32:37 INFO  TC_002_Verify_Login:65 - Execution Completed
